<?xml version="1.0" encoding="UTF-8"?>
<testsuite xmlns:xsi="http://www.w3.org/2001/XMLSchema-instance" xsi:noNamespaceSchemaLocation="https://maven.apache.org/surefire/maven-surefire-plugin/xsd/surefire-test-report-3.0.xsd" version="3.0" name="TestScheduler" time="20.033" tests="1" errors="0" skipped="0" failures="0">
  <properties>
[...]
</properties>
  <testcase name="testScheduler" classname="TestScheduler" time="20.024">
    <system-out><![CDATA[Str ===>>> 2026-02-04 11:59:01 INFO  [main] Server started on port 8080
Str ===>>> 2026-02-04 11:59:05 INFO  [http-nio-8080-exec-1] GET /api/health 200
Str ===>>> 2026-02-04 12:00:10 INFO  [http-nio-8080-exec-2] POST /api/login user=stefan@sofia.bg
Str ===>>> 2026-02-04 12:00:10 WARN  [http-nio-8080-exec-2] Login attempt failed for user stefan@sofia.bg
Str ===>>> 2026-02-04 12:01:45 INFO  [http-nio-8080-exec-3] POST /api/login user=admin@local
Str ===>>> 2026-02-04 12:01:46 INFO  [http-nio-8080-exec-3] User admin@local authenticated successfully
Str ===>>> 2026-02-04 12:03:12 INFO  [scheduler-1] CleanupTask started
Str ===>>> 2026-02-04 12:03:12 INFO  [scheduler-1] Deleted file temp_1707042001.log
Str ===>>> 2026-02-04 12:03:12 INFO  [scheduler-1] Deleted file temp_1707042065.log
Str ===>>> 2026-02-04 12:03:13 INFO  [scheduler-1] CleanupTask finished
Str ===>>> 2026-02-04 12:05:00 INFO  [http-nio-8080-exec-4] GET /api/users 200
Str ===>>> 2026-02-04 12:06:22 ERROR [http-nio-8080-exec-5] Database connection timeout
Str ===>>> 2026-02-04 12:06:22 ERROR [http-nio-8080-exec-5] java.sql.SQLTimeoutException: Connection timed out
Str ===>>> 2026-02-04 12:07:00 INFO  [scheduler-1] CleanupTask started
Str ===>>> 2026-02-04 12:07:01 INFO  [scheduler-1] CleanupTask finished
Str ===>>> 2026-02-04 12:10:00 INFO  [main] Shutdown signal received
Str ===>>> 2026-02-04 12:10:02 INFO  [main] ExecutorService shutdown completed
Str ===>>> 2026-02-04 11:59:01 INFO  [main] Server started on port 8080
Str ===>>> 2026-02-04 11:59:05 INFO  [http-nio-8080-exec-1] GET /api/health 200
Str ===>>> 2026-02-04 12:00:10 INFO  [http-nio-8080-exec-2] POST /api/login user=stefan@sofia.bg
Str ===>>> 2026-02-04 12:00:10 WARN  [http-nio-8080-exec-2] Login attempt failed for user stefan@sofia.bg
Str ===>>> 2026-02-04 12:01:45 INFO  [http-nio-8080-exec-3] POST /api/login user=admin@local
Str ===>>> 2026-02-04 12:01:46 INFO  [http-nio-8080-exec-3] User admin@local authenticated successfully
Str ===>>> 2026-02-04 12:03:12 INFO  [scheduler-1] CleanupTask started
Str ===>>> 2026-02-04 12:03:12 INFO  [scheduler-1] Deleted file temp_1707042001.log
Str ===>>> 2026-02-04 12:03:12 INFO  [scheduler-1] Deleted file temp_1707042065.log
Str ===>>> 2026-02-04 12:03:13 INFO  [scheduler-1] CleanupTask finished
Str ===>>> 2026-02-04 12:05:00 INFO  [http-nio-8080-exec-4] GET /api/users 200
Str ===>>> 2026-02-04 12:06:22 ERROR [http-nio-8080-exec-5] Database connection timeout
Str ===>>> 2026-02-04 12:06:22 ERROR [http-nio-8080-exec-5] java.sql.SQLTimeoutException: Connection timed out
Str ===>>> 2026-02-04 12:07:00 INFO  [scheduler-1] CleanupTask started
Str ===>>> 2026-02-04 12:07:01 INFO  [scheduler-1] CleanupTask finished
Str ===>>> 2026-02-04 12:10:00 INFO  [main] Shutdown signal received
Str ===>>> 2026-02-04 12:10:02 INFO  [main] ExecutorService shutdown completed
Str ===>>> 2026-02-04 11:59:01 INFO  [main] Server started on port 8080
Str ===>>> 2026-02-04 11:59:05 INFO  [http-nio-8080-exec-1] GET /api/health 200
Str ===>>> 2026-02-04 12:00:10 INFO  [http-nio-8080-exec-2] POST /api/login user=stefan@sofia.bg
Str ===>>> 2026-02-04 12:00:10 WARN  [http-nio-8080-exec-2] Login attempt failed for user stefan@sofia.bg
Str ===>>> 2026-02-04 12:01:45 INFO  [http-nio-8080-exec-3] POST /api/login user=admin@local
Str ===>>> 2026-02-04 12:01:46 INFO  [http-nio-8080-exec-3] User admin@local authenticated successfully
Str ===>>> 2026-02-04 12:03:12 INFO  [scheduler-1] CleanupTask started
Str ===>>> 2026-02-04 12:03:12 INFO  [scheduler-1] Deleted file temp_1707042001.log
Str ===>>> 2026-02-04 12:03:12 INFO  [scheduler-1] Deleted file temp_1707042065.log
Str ===>>> 2026-02-04 12:03:13 INFO  [scheduler-1] CleanupTask finished
Str ===>>> 2026-02-04 12:05:00 INFO  [http-nio-8080-exec-4] GET /api/users 200
Str ===>>> 2026-02-04 12:06:22 ERROR [http-nio-8080-exec-5] Database connection timeout
Str ===>>> 2026-02-04 12:06:22 ERROR [http-nio-8080-exec-5] java.sql.SQLTimeoutException: Connection timed out
Str ===>>> 2026-02-04 12:07:00 INFO  [scheduler-1] CleanupTask started
Str ===>>> 2026-02-04 12:07:01 INFO  [scheduler-1] CleanupTask finished
Str ===>>> 2026-02-04 12:10:00 INFO  [main] Shutdown signal received
Str ===>>> 2026-02-04 12:10:02 INFO  [main] ExecutorService shutdown completed
Str ===>>> 2026-02-04 11:59:01 INFO  [main] Server started on port 8080
Str ===>>> 2026-02-04 11:59:05 INFO  [http-nio-8080-exec-1] GET /api/health 200
Str ===>>> 2026-02-04 12:00:10 INFO  [http-nio-8080-exec-2] POST /api/login user=stefan@sofia.bg
Str ===>>> 2026-02-04 12:00:10 WARN  [http-nio-8080-exec-2] Login attempt failed for user stefan@sofia.bg
Str ===>>> 2026-02-04 12:01:45 INFO  [http-nio-8080-exec-3] POST /api/login user=admin@local
Str ===>>> 2026-02-04 12:01:46 INFO  [http-nio-8080-exec-3] User admin@local authenticated successfully
Str ===>>> 2026-02-04 12:03:12 INFO  [scheduler-1] CleanupTask started
Str ===>>> 2026-02-04 12:03:12 INFO  [scheduler-1] Deleted file temp_1707042001.log
Str ===>>> 2026-02-04 12:03:12 INFO  [scheduler-1] Deleted file temp_1707042065.log
Str ===>>> 2026-02-04 12:03:13 INFO  [scheduler-1] CleanupTask finished
Str ===>>> 2026-02-04 12:05:00 INFO  [http-nio-8080-exec-4] GET /api/users 200
Str ===>>> 2026-02-04 12:06:22 ERROR [http-nio-8080-exec-5] Database connection timeout
Str ===>>> 2026-02-04 12:06:22 ERROR [http-nio-8080-exec-5] java.sql.SQLTimeoutException: Connection timed out
Str ===>>> 2026-02-04 12:07:00 INFO  [scheduler-1] CleanupTask started
Str ===>>> 2026-02-04 12:07:01 INFO  [scheduler-1] CleanupTask finished
Str ===>>> 2026-02-04 12:10:00 INFO  [main] Shutdown signal received
Str ===>>> 2026-02-04 12:10:02 INFO  [main] ExecutorService shutdown completed
Str ===>>> 2026-02-04 11:59:01 INFO  [main] Server started on port 8080
Str ===>>> 2026-02-04 11:59:05 INFO  [http-nio-8080-exec-1] GET /api/health 200
Str ===>>> 2026-02-04 12:00:10 INFO  [http-nio-8080-exec-2] POST /api/login user=stefan@sofia.bg
Str ===>>> 2026-02-04 12:00:10 WARN  [http-nio-8080-exec-2] Login attempt failed for user stefan@sofia.bg
Str ===>>> 2026-02-04 12:01:45 INFO  [http-nio-8080-exec-3] POST /api/login user=admin@local
Str ===>>> 2026-02-04 12:01:46 INFO  [http-nio-8080-exec-3] User admin@local authenticated successfully
Str ===>>> 2026-02-04 12:03:12 INFO  [scheduler-1] CleanupTask started
Str ===>>> 2026-02-04 12:03:12 INFO  [scheduler-1] Deleted file temp_1707042001.log
Str ===>>> 2026-02-04 12:03:12 INFO  [scheduler-1] Deleted file temp_1707042065.log
Str ===>>> 2026-02-04 12:03:13 INFO  [scheduler-1] CleanupTask finished
Str ===>>> 2026-02-04 12:05:00 INFO  [http-nio-8080-exec-4] GET /api/users 200
Str ===>>> 2026-02-04 12:06:22 ERROR [http-nio-8080-exec-5] Database connection timeout
Str ===>>> 2026-02-04 12:06:22 ERROR [http-nio-8080-exec-5] java.sql.SQLTimeoutException: Connection timed out
Str ===>>> 2026-02-04 12:07:00 INFO  [scheduler-1] CleanupTask started
Str ===>>> 2026-02-04 12:07:01 INFO  [scheduler-1] CleanupTask finished
Str ===>>> 2026-02-04 12:10:00 INFO  [main] Shutdown signal received
Str ===>>> 2026-02-04 12:10:02 INFO  [main] ExecutorService shutdown completed
]]></system-out>
  </testcase>
</testsuite>